<?xml version="1.0" encoding="UTF-8"?>
<!-- Generated by org.testng.reporters.JUnitReportReporter -->
<testsuite skipped="0" hostname="W2707941HFG8X" name="com.test.MiniBA.SingletonCheck" tests="1" failures="0" timestamp="19 Dec 2019 10:54:54 GMT" time="33.838" errors="0">
  <testcase name="singletonCheck" time="33.838" classname="com.test.MiniBA.SingletonCheck"/>
</testsuite> <!-- com.test.MiniBA.SingletonCheck -->
