<?xml version="1.0" encoding="UTF-8"?>
<!-- Generated by org.testng.reporters.JUnitReportReporter -->
<testsuite skipped="15" hostname="W2707941HFG8X" name="com.test.MiniBA.Telus" tests="16" failures="0" timestamp="10 Dec 2019 11:12:53 GMT" time="0.006" errors="1">
  <testcase name="browserStart" time="0.006" classname="com.test.MiniBA.Telus">
    <error type="java.lang.NullPointerException">
      <![CDATA[java.lang.NullPointerException
	at com.test.MiniBA.Telus.browserStart(Telus.java:110)
	at sun.reflect.NativeMethodAccessorImpl.invoke0(Native Method)
	at sun.reflect.NativeMethodAccessorImpl.invoke(Unknown Source)
	at sun.reflect.DelegatingMethodAccessorImpl.invoke(Unknown Source)
	at java.lang.reflect.Method.invoke(Unknown Source)
	at org.testng.internal.MethodInvocationHelper.invokeMethod(MethodInvocationHelper.java:108)
	at org.testng.internal.Invoker.invokeConfigurationMethod(Invoker.java:523)
	at org.testng.internal.Invoker.invokeConfigurations(Invoker.java:224)
	at org.testng.internal.Invoker.invokeConfigurations(Invoker.java:146)
	at org.testng.TestRunner.beforeRun(TestRunner.java:626)
	at org.testng.TestRunner.run(TestRunner.java:594)
	at org.testng.SuiteRunner.runTest(SuiteRunner.java:380)
	at org.testng.SuiteRunner.runSequentially(SuiteRunner.java:375)
	at org.testng.SuiteRunner.privateRun(SuiteRunner.java:340)
	at org.testng.SuiteRunner.run(SuiteRunner.java:289)
	at org.testng.SuiteRunnerWorker.runSuite(SuiteRunnerWorker.java:52)
	at org.testng.SuiteRunnerWorker.run(SuiteRunnerWorker.java:86)
	at org.testng.TestNG.runSuitesSequentially(TestNG.java:1301)
	at org.testng.TestNG.runSuitesLocally(TestNG.java:1226)
	at org.testng.TestNG.runSuites(TestNG.java:1144)
	at org.testng.TestNG.run(TestNG.java:1115)
	at org.testng.remote.AbstractRemoteTestNG.run(AbstractRemoteTestNG.java:114)
	at org.testng.remote.RemoteTestNG.initAndRun(RemoteTestNG.java:251)
	at org.testng.remote.RemoteTestNG.main(RemoteTestNG.java:77)
]]>
    </error>
  </testcase> <!-- browserStart -->
  <testcase name="A_SignUpSignIn" time="0.000" classname="com.test.MiniBA.Telus">
    <skipped/>
  </testcase> <!-- A_SignUpSignIn -->
  <testcase name="BA_DashBoard_Tiles" time="0.000" classname="com.test.MiniBA.Telus">
    <skipped/>
  </testcase> <!-- BA_DashBoard_Tiles -->
  <testcase name="BB_DashBoard_Alerts" time="0.000" classname="com.test.MiniBA.Telus">
    <skipped/>
  </testcase> <!-- BB_DashBoard_Alerts -->
  <testcase name="BC_DashBoard_3PTiles" time="0.000" classname="com.test.MiniBA.Telus">
    <skipped/>
  </testcase> <!-- BC_DashBoard_3PTiles -->
  <testcase name="BD_Device_Security" time="0.000" classname="com.test.MiniBA.Telus">
    <skipped/>
  </testcase> <!-- BD_Device_Security -->
  <testcase name="BE_Cloud_bakup" time="0.000" classname="com.test.MiniBA.Telus">
    <skipped/>
  </testcase> <!-- BE_Cloud_bakup -->
  <testcase name="BF_Secure_Vpn" time="0.000" classname="com.test.MiniBA.Telus">
    <skipped/>
  </testcase> <!-- BF_Secure_Vpn -->
  <testcase name="BG_Password_Manager" time="0.000" classname="com.test.MiniBA.Telus">
    <skipped/>
  </testcase> <!-- BG_Password_Manager -->
  <testcase name="CA_postEnrollment" time="0.000" classname="com.test.MiniBA.Telus">
    <skipped/>
  </testcase> <!-- CA_postEnrollment -->
  <testcase name="BH_Download" time="0.000" classname="com.test.MiniBA.Telus">
    <skipped/>
  </testcase> <!-- BH_Download -->
  <testcase name="CB_ID_Theft_Dashboard" time="0.000" classname="com.test.MiniBA.Telus">
    <skipped/>
  </testcase> <!-- CB_ID_Theft_Dashboard -->
  <testcase name="BI_NOF" time="0.000" classname="com.test.MiniBA.Telus">
    <skipped/>
  </testcase> <!-- BI_NOF -->
  <testcase name="D_Subscription" time="0.000" classname="com.test.MiniBA.Telus">
    <skipped/>
  </testcase> <!-- D_Subscription -->
  <testcase name="E_Support" time="0.000" classname="com.test.MiniBA.Telus">
    <skipped/>
  </testcase> <!-- E_Support -->
  <testcase name="F_SignOut" time="0.000" classname="com.test.MiniBA.Telus">
    <skipped/>
  </testcase> <!-- F_SignOut -->
</testsuite> <!-- com.test.MiniBA.Telus -->
